Using pre-set license
Built from '2021.3/staging' branch; Version is '2021.3.14f1 (eee1884e7226) revision 15655304'; Using compiler version '192829333'; Build Type 'Release'
OS: 'Windows 11  (10.0.22000) 64bit Professional' Language: 'en' Physical Memory: 16245 MB
BatchMode: 1, IsHumanControllingUs: 0, StartBugReporterOnCrash: 0, Is64bit: 1, IsPro: 1

COMMAND LINE ARGUMENTS:
C:\Program Files\Unity\Hub\Editor\2021.3.14f1\Editor\Unity.exe
-adb2
-batchMode
-noUpm
-name
AssetImportWorker0
-projectPath
C:/projects/unity/Marie/Marie
-logFile
Logs/AssetImportWorker0.log
-srvPort
64512
Successfully changed project path to: C:/projects/unity/Marie/Marie
C:/projects/unity/Marie/Marie
[UnityMemory] Configuration Parameters - Can be set up in boot.config
    "memorysetup-bucket-allocator-granularity=16"
    "memorysetup-bucket-allocator-bucket-count=8"
    "memorysetup-bucket-allocator-block-size=33554432"
    "memorysetup-bucket-allocator-block-count=8"
    "memorysetup-main-allocator-block-size=16777216"
    "memorysetup-thread-allocator-block-size=16777216"
    "memorysetup-gfx-main-allocator-block-size=16777216"
    "memorysetup-gfx-thread-allocator-block-size=16777216"
    "memorysetup-cache-allocator-block-size=4194304"
    "memorysetup-typetree-allocator-block-size=2097152"
    "memorysetup-profiler-bucket-allocator-granularity=16"
    "memorysetup-profiler-bucket-allocator-bucket-count=8"
    "memorysetup-profiler-bucket-allocator-block-size=33554432"
    "memorysetup-profiler-bucket-allocator-block-count=8"
    "memorysetup-profiler-allocator-block-size=16777216"
    "memorysetup-profiler-editor-allocator-block-size=1048576"
    "memorysetup-temp-allocator-size-main=16777216"
    "memorysetup-job-temp-allocator-block-size=2097152"
    "memorysetup-job-temp-allocator-block-size-background=1048576"
    "memorysetup-job-temp-allocator-reduction-small-platforms=262144"
    "memorysetup-temp-allocator-size-background-worker=32768"
    "memorysetup-temp-allocator-size-job-worker=262144"
    "memorysetup-temp-allocator-size-preload-manager=33554432"
    "memorysetup-temp-allocator-size-nav-mesh-worker=65536"
    "memorysetup-temp-allocator-size-audio-worker=65536"
    "memorysetup-temp-allocator-size-cloud-worker=32768"
    "memorysetup-temp-allocator-size-gi-baking-worker=262144"
    "memorysetup-temp-allocator-size-gfx=262144"
Refreshing native plugins compatible for Editor in 75.54 ms, found 3 plugins.
Preloading 0 native plugins for Editor in 0.00 ms.
Initialize engine version: 2021.3.14f1 (eee1884e7226)
[Subsystems] Discovering subsystems at path C:/Program Files/Unity/Hub/Editor/2021.3.14f1/Editor/Data/Resources/UnitySubsystems
[Subsystems] Discovering subsystems at path C:/projects/unity/Marie/Marie/Assets
GfxDevice: creating device client; threaded=0; jobified=0
Direct3D:
    Version:  Direct3D 11.0 [level 11.1]
    Renderer: Intel(R) UHD Graphics 630 (ID=0x3e92)
    Vendor:   Intel
    VRAM:     8122 MB
    Driver:   26.20.100.7642
Initialize mono
Mono path[0] = 'C:/Program Files/Unity/Hub/Editor/2021.3.14f1/Editor/Data/Managed'
Mono path[1] = 'C:/Program Files/Unity/Hub/Editor/2021.3.14f1/Editor/Data/MonoBleedingEdge/lib/mono/unityjit-win32'
Mono config path = 'C:/Program Files/Unity/Hub/Editor/2021.3.14f1/Editor/Data/MonoBleedingEdge/etc'
Using monoOptions --debugger-agent=transport=dt_socket,embedding=1,server=y,suspend=n,address=127.0.0.1:56360
Begin MonoManager ReloadAssembly
Registering precompiled unity dll's ...
Register platform support module: C:/Program Files/Unity/Hub/Editor/2021.3.14f1/Editor/Data/PlaybackEngines/AndroidPlayer/UnityEditor.Android.Extensions.dll
Register platform support module: C:/Program Files/Unity/Hub/Editor/2021.3.14f1/Editor/Data/PlaybackEngines/WindowsStandaloneSupport/UnityEditor.WindowsStandalone.Extensions.dll
Registered in 0.005389 seconds.
Native extension for WindowsStandalone target not found
Native extension for Android target not found
Refreshing native plugins compatible for Editor in 78.42 ms, found 3 plugins.
Preloading 0 native plugins for Editor in 0.00 ms.
Mono: successfully reloaded assembly
- Completed reload, in  0.696 seconds
Domain Reload Profiling:
	ReloadAssembly (696ms)
		BeginReloadAssembly (75ms)
			ExecutionOrderSort (0ms)
			DisableScriptedObjects (0ms)
			BackupInstance (0ms)
			ReleaseScriptingObjects (0ms)
			CreateAndSetChildDomain (1ms)
		EndReloadAssembly (506ms)
			LoadAssemblies (74ms)
			RebuildTransferFunctionScriptingTraits (0ms)
			SetupTypeCache (115ms)
			ReleaseScriptCaches (0ms)
			RebuildScriptCaches (32ms)
			SetupLoadedEditorAssemblies (304ms)
				LogAssemblyErrors (0ms)
				InitializePlatformSupportModulesInManaged (62ms)
				SetLoadedEditorAssemblies (0ms)
				RefreshPlugins (79ms)
				BeforeProcessingInitializeOnLoad (1ms)
				ProcessInitializeOnLoadAttributes (111ms)
				ProcessInitializeOnLoadMethodAttributes (50ms)
				AfterProcessingInitializeOnLoad (0ms)
				EditorAssembliesLoaded (0ms)
			ExecutionOrderSort2 (0ms)
			AwakeInstancesAfterBackupRestoration (0ms)
Platform modules already initialized, skipping
Registering precompiled user dll's ...
Registered in 0.006724 seconds.
Begin MonoManager ReloadAssembly
Symbol file LoadedFromMemory doesn't match image C:\projects\unity\Marie\Marie\Library\PackageCache\com.unity.visualscripting@1.7.8\Editor\VisualScripting.Core\Dependencies\YamlDotNet\Unity.VisualScripting.YamlDotNet.dll
Symbol file LoadedFromMemory doesn't match image C:\projects\unity\Marie\Marie\Library\PackageCache\com.unity.visualscripting@1.7.8\Editor\VisualScripting.Core\Dependencies\DotNetZip\Unity.VisualScripting.IonicZip.dll
Native extension for WindowsStandalone target not found
Native extension for Android target not found
Refreshing native plugins compatible for Editor in 0.53 ms, found 3 plugins.
Preloading 0 native plugins for Editor in 0.00 ms.
Mono: successfully reloaded assembly
- Completed reload, in  1.142 seconds
Domain Reload Profiling:
	ReloadAssembly (1143ms)
		BeginReloadAssembly (211ms)
			ExecutionOrderSort (0ms)
			DisableScriptedObjects (6ms)
			BackupInstance (0ms)
			ReleaseScriptingObjects (0ms)
			CreateAndSetChildDomain (120ms)
		EndReloadAssembly (807ms)
			LoadAssemblies (79ms)
			RebuildTransferFunctionScriptingTraits (0ms)
			SetupTypeCache (248ms)
			ReleaseScriptCaches (1ms)
			RebuildScriptCaches (56ms)
			SetupLoadedEditorAssemblies (374ms)
				LogAssemblyErrors (0ms)
				InitializePlatformSupportModulesInManaged (15ms)
				SetLoadedEditorAssemblies (0ms)
				RefreshPlugins (1ms)
				BeforeProcessingInitializeOnLoad (84ms)
				ProcessInitializeOnLoadAttributes (240ms)
				ProcessInitializeOnLoadMethodAttributes (26ms)
				AfterProcessingInitializeOnLoad (7ms)
				EditorAssembliesLoaded (0ms)
			ExecutionOrderSort2 (0ms)
			AwakeInstancesAfterBackupRestoration (7ms)
Platform modules already initialized, skipping
========================================================================
Worker process is ready to serve import requests
Launched and connected shader compiler UnityShaderCompiler.exe after 0.05 seconds
Refreshing native plugins compatible for Editor in 0.52 ms, found 3 plugins.
Preloading 0 native plugins for Editor in 0.00 ms.
Unloading 3401 Unused Serialized files (Serialized files now loaded: 0)
Unloading 26 unused Assets / (56.1 KB). Loaded Objects now: 3864.
Memory consumption went from 115.7 MB to 115.6 MB.
Total: 3.503100 ms (FindLiveObjects: 0.286800 ms CreateObjectMapping: 0.334300 ms MarkObjects: 2.806400 ms  DeleteObjects: 0.074900 ms)

AssetImportParameters requested are different than current active one (requested -> active):
  custom:video-decoder-ogg-theora: a1e56fd34408186e4bbccfd4996cb3dc -> 
  custom:container-muxer-webm: aa71ff27fc2769a1b78a27578f13a17b -> 
  custom:container-demuxer-webm: 4f35f7cbe854078d1ac9338744f61a02 -> 
  custom:video-encoder-webm-vp8: eb34c28f22e8b96e1ab97ce403110664 -> 
  custom:audio-encoder-webm-vorbis: bf7c407c2cedff20999df2af8eb42d56 -> 
  custom:framework-win-MediaFoundation: 216162199b28c13a410421893ffa2e32 -> 
  custom:container-demuxer-ogg: 62fdf1f143b41e24485cea50d1cbac27 -> 
  custom:video-decoder-webm-vp8: 9c59270c3fd7afecdb556c50c9e8de78 -> 
  custom:audio-decoder-ogg-vorbis: bf7c407c2cedff20999df2af8eb42d56 -> 
========================================================================
Received Import Request.
  Time since last request: 1459458.587343 seconds.
  path: Assets/Game
  artifactKey: Guid(185103d373de54c4e86af3838e6d7633) Importer(815301076,1909f56bfc062723c751e8b465ee728b)
Start importing Assets/Game using Guid(185103d373de54c4e86af3838e6d7633) Importer(815301076,1909f56bfc062723c751e8b465ee728b)  -> (artifact id: '7e5e7bc219c8e4a496383b90c7c26de2') in 0.010130 seconds 
========================================================================
Received Import Request.
  Time since last request: 1.557356 seconds.
  path: Assets/Editor
  artifactKey: Guid(f415bc8712e1a7a43aad94d33ad65d90) Importer(815301076,1909f56bfc062723c751e8b465ee728b)
Start importing Assets/Editor using Guid(f415bc8712e1a7a43aad94d33ad65d90) Importer(815301076,1909f56bfc062723c751e8b465ee728b)  -> (artifact id: '229193bf06ee267f0e48564b13919294') in 0.006968 seconds 
========================================================================
Received Import Request.
  Time since last request: 13.817794 seconds.
  path: Assets/Editor/RXSolutionFixer.cs
  artifactKey: Guid(e5b7b8e0c0ebba94bbdccbb6fa2a1a22) Importer(815301076,1909f56bfc062723c751e8b465ee728b)
Start importing Assets/Editor/RXSolutionFixer.cs using Guid(e5b7b8e0c0ebba94bbdccbb6fa2a1a22) Importer(815301076,1909f56bfc062723c751e8b465ee728b)  -> (artifact id: 'f4e39b08a03d8d05a6c1dab76231f2de') in 0.039941 seconds 
========================================================================
Received Import Request.
  Time since last request: 3.193337 seconds.
  path: Assets/Prefab
  artifactKey: Guid(5f273884fa2f6904486095b5a2990020) Importer(815301076,1909f56bfc062723c751e8b465ee728b)
Start importing Assets/Prefab using Guid(5f273884fa2f6904486095b5a2990020) Importer(815301076,1909f56bfc062723c751e8b465ee728b)  -> (artifact id: 'bc570be0fe7a17da5f955e7bc56705a2') in 0.005849 seconds 
========================================================================
Received Import Request.
  Time since last request: 2.643761 seconds.
  path: Assets/Texture
  artifactKey: Guid(196ce887961bd524697e779ca4008254) Importer(815301076,1909f56bfc062723c751e8b465ee728b)
Start importing Assets/Texture using Guid(196ce887961bd524697e779ca4008254) Importer(815301076,1909f56bfc062723c751e8b465ee728b)  -> (artifact id: '5ad34da540c8b57f048b7cc5f0e8245c') in 0.006404 seconds 
========================================================================
Received Import Request.
  Time since last request: 1.822469 seconds.
  path: Assets/Texture/Background.png
  artifactKey: Guid(aad17b94a985d704ba91942bc22eb4dd) Importer(815301076,1909f56bfc062723c751e8b465ee728b)
Start importing Assets/Texture/Background.png using Guid(aad17b94a985d704ba91942bc22eb4dd) Importer(815301076,1909f56bfc062723c751e8b465ee728b)  -> (artifact id: '3af6dfa0ff584afdcb7d73b4fa87080e') in 0.129591 seconds 
========================================================================
Received Import Request.
  Time since last request: 0.000019 seconds.
  path: Assets/Texture/Frame01.png
  artifactKey: Guid(8688609cbb9a2dd4e8c937d689d8703e) Importer(815301076,1909f56bfc062723c751e8b465ee728b)
Start importing Assets/Texture/Frame01.png using Guid(8688609cbb9a2dd4e8c937d689d8703e) Importer(815301076,1909f56bfc062723c751e8b465ee728b)  -> (artifact id: '6ad548af72ed9d47abc5666c79f95897') in 0.015113 seconds 
========================================================================
Received Import Request.
  Time since last request: 0.000025 seconds.
  path: Assets/Texture/Farine01.png
  artifactKey: Guid(51666000821c2fc4d8618c23c82f923d) Importer(815301076,1909f56bfc062723c751e8b465ee728b)
Start importing Assets/Texture/Farine01.png using Guid(51666000821c2fc4d8618c23c82f923d) Importer(815301076,1909f56bfc062723c751e8b465ee728b)  -> (artifact id: '09523766b707b3fb132c48ec970a424b') in 0.014804 seconds 
========================================================================
Received Import Request.
  Time since last request: 0.000020 seconds.
  path: Assets/Texture/Smoke.png
  artifactKey: Guid(5ef85dee662a8cd4fbdcc7de8ae37032) Importer(815301076,1909f56bfc062723c751e8b465ee728b)
Start importing Assets/Texture/Smoke.png using Guid(5ef85dee662a8cd4fbdcc7de8ae37032) Importer(815301076,1909f56bfc062723c751e8b465ee728b)  -> (artifact id: '286f12770e78a65056fc9c48409df623') in 0.011066 seconds 
========================================================================
Received Import Request.
  Time since last request: 0.000018 seconds.
  path: Assets/Texture/Feli.png
  artifactKey: Guid(61e3de2f8b65e6641b15d4575e6c1f1a) Importer(815301076,1909f56bfc062723c751e8b465ee728b)
Start importing Assets/Texture/Feli.png using Guid(61e3de2f8b65e6641b15d4575e6c1f1a) Importer(815301076,1909f56bfc062723c751e8b465ee728b)  -> (artifact id: '578630a60e437f9d6ccaa475be05a00e') in 0.019491 seconds 
========================================================================
Received Import Request.
  Time since last request: 0.000017 seconds.
  path: Assets/Texture/Bullet.png
  artifactKey: Guid(af31c7eb93eaf7f42afb8e03232ac2e0) Importer(815301076,1909f56bfc062723c751e8b465ee728b)
Start importing Assets/Texture/Bullet.png using Guid(af31c7eb93eaf7f42afb8e03232ac2e0) Importer(815301076,1909f56bfc062723c751e8b465ee728b)  -> (artifact id: '97374a8263da3b27f698fe05edb02668') in 0.023368 seconds 
========================================================================
Received Import Request.
  Time since last request: 0.000018 seconds.
  path: Assets/Texture/Bazoka.png
  artifactKey: Guid(2d1ca36d8c7f6df419321464cdab16ba) Importer(815301076,1909f56bfc062723c751e8b465ee728b)
Start importing Assets/Texture/Bazoka.png using Guid(2d1ca36d8c7f6df419321464cdab16ba) Importer(815301076,1909f56bfc062723c751e8b465ee728b)  -> (artifact id: '7c924a15542ae67fea59a70711a35c48') in 0.014491 seconds 
========================================================================
Received Import Request.
  Time since last request: 0.000020 seconds.
  path: Assets/Texture/Explode.png
  artifactKey: Guid(3eebeaf3579fb894cb7308c56488db00) Importer(815301076,1909f56bfc062723c751e8b465ee728b)
Start importing Assets/Texture/Explode.png using Guid(3eebeaf3579fb894cb7308c56488db00) Importer(815301076,1909f56bfc062723c751e8b465ee728b)  -> (artifact id: '26aae680cc7ddd7689522c9ca3fc10ad') in 0.032626 seconds 
========================================================================
Received Prepare
Registering precompiled user dll's ...
Registered in 0.005439 seconds.
Begin MonoManager ReloadAssembly
Symbol file LoadedFromMemory doesn't match image C:\projects\unity\Marie\Marie\Library\PackageCache\com.unity.visualscripting@1.7.8\Editor\VisualScripting.Core\Dependencies\YamlDotNet\Unity.VisualScripting.YamlDotNet.dll
Symbol file LoadedFromMemory doesn't match image C:\projects\unity\Marie\Marie\Library\PackageCache\com.unity.visualscripting@1.7.8\Editor\VisualScripting.Core\Dependencies\DotNetZip\Unity.VisualScripting.IonicZip.dll
Native extension for WindowsStandalone target not found
Native extension for Android target not found
Refreshing native plugins compatible for Editor in 0.57 ms, found 3 plugins.
Preloading 0 native plugins for Editor in 0.00 ms.
Mono: successfully reloaded assembly
- Completed reload, in  1.138 seconds
Domain Reload Profiling:
	ReloadAssembly (1138ms)
		BeginReloadAssembly (133ms)
			ExecutionOrderSort (0ms)
			DisableScriptedObjects (6ms)
			BackupInstance (0ms)
			ReleaseScriptingObjects (0ms)
			CreateAndSetChildDomain (34ms)
		EndReloadAssembly (870ms)
			LoadAssemblies (90ms)
			RebuildTransferFunctionScriptingTraits (0ms)
			SetupTypeCache (296ms)
			ReleaseScriptCaches (1ms)
			RebuildScriptCaches (56ms)
			SetupLoadedEditorAssemblies (371ms)
				LogAssemblyErrors (0ms)
				InitializePlatformSupportModulesInManaged (22ms)
				SetLoadedEditorAssemblies (0ms)
				RefreshPlugins (1ms)
				BeforeProcessingInitializeOnLoad (64ms)
				ProcessInitializeOnLoadAttributes (245ms)
				ProcessInitializeOnLoadMethodAttributes (32ms)
				AfterProcessingInitializeOnLoad (7ms)
				EditorAssembliesLoaded (0ms)
			ExecutionOrderSort2 (0ms)
			AwakeInstancesAfterBackupRestoration (7ms)
Platform modules already initialized, skipping
Refreshing native plugins compatible for Editor in 1.82 ms, found 3 plugins.
Preloading 0 native plugins for Editor in 0.00 ms.
Unloading 3395 Unused Serialized files (Serialized files now loaded: 0)
Unloading 19 unused Assets / (24.7 KB). Loaded Objects now: 3893.
Memory consumption went from 119.7 MB to 119.7 MB.
Total: 3.259100 ms (FindLiveObjects: 0.255300 ms CreateObjectMapping: 0.145700 ms MarkObjects: 2.834100 ms  DeleteObjects: 0.023100 ms)

AssetImportParameters requested are different than current active one (requested -> active):
  custom:video-decoder-ogg-theora: a1e56fd34408186e4bbccfd4996cb3dc -> 
  custom:container-muxer-webm: aa71ff27fc2769a1b78a27578f13a17b -> 
  custom:container-demuxer-webm: 4f35f7cbe854078d1ac9338744f61a02 -> 
  custom:video-encoder-webm-vp8: eb34c28f22e8b96e1ab97ce403110664 -> 
  custom:audio-encoder-webm-vorbis: bf7c407c2cedff20999df2af8eb42d56 -> 
  custom:framework-win-MediaFoundation: 216162199b28c13a410421893ffa2e32 -> 
  custom:container-demuxer-ogg: 62fdf1f143b41e24485cea50d1cbac27 -> 
  custom:video-decoder-webm-vp8: 9c59270c3fd7afecdb556c50c9e8de78 -> 
  custom:audio-decoder-ogg-vorbis: bf7c407c2cedff20999df2af8eb42d56 -> 
========================================================================
Received Import Request.
  Time since last request: 22.531118 seconds.
  path: Assets/Game/Scene
  artifactKey: Guid(60d80fc6edec1f24f8b7a3b95bf83d8f) Importer(815301076,1909f56bfc062723c751e8b465ee728b)
Start importing Assets/Game/Scene using Guid(60d80fc6edec1f24f8b7a3b95bf83d8f) Importer(815301076,1909f56bfc062723c751e8b465ee728b)  -> (artifact id: 'af7a2b1c49c600544d94cf0c5b27af32') in 0.012350 seconds 
========================================================================
Received Import Request.
  Time since last request: 3.383971 seconds.
  path: Assets/Game/Script
  artifactKey: Guid(ba07b605adfd6c94cb06baf33ab57621) Importer(815301076,1909f56bfc062723c751e8b465ee728b)
Start importing Assets/Game/Script using Guid(ba07b605adfd6c94cb06baf33ab57621) Importer(815301076,1909f56bfc062723c751e8b465ee728b)  -> (artifact id: '808eb2988003053704a0e5af873c43ef') in 0.007464 seconds 
========================================================================
Received Import Request.
  Time since last request: 2.004983 seconds.
  path: Assets/Game/Script/Framework
  artifactKey: Guid(d2ac3e4123d114645967457a35cdc228) Importer(815301076,1909f56bfc062723c751e8b465ee728b)
Start importing Assets/Game/Script/Framework using Guid(d2ac3e4123d114645967457a35cdc228) Importer(815301076,1909f56bfc062723c751e8b465ee728b)  -> (artifact id: '44259b180f15bb99c776cf377142c474') in 0.018062 seconds 
========================================================================
Received Import Request.
  Time since last request: 2.025013 seconds.
  path: Assets/Game/Script/Framework/EventDispatcher.cs
  artifactKey: Guid(0d0c3e82bb2283445af15bc0d5237bf1) Importer(815301076,1909f56bfc062723c751e8b465ee728b)
Start importing Assets/Game/Script/Framework/EventDispatcher.cs using Guid(0d0c3e82bb2283445af15bc0d5237bf1) Importer(815301076,1909f56bfc062723c751e8b465ee728b)  -> (artifact id: 'acc2173230967a2f3dabedbe38d454e5') in 0.005895 seconds 
========================================================================
Received Import Request.
  Time since last request: 0.479038 seconds.
  path: Assets/Game/Script/Framework/Common.cs
  artifactKey: Guid(ef467324cd970844b8bdbdc69a7498c9) Importer(815301076,1909f56bfc062723c751e8b465ee728b)
Start importing Assets/Game/Script/Framework/Common.cs using Guid(ef467324cd970844b8bdbdc69a7498c9) Importer(815301076,1909f56bfc062723c751e8b465ee728b)  -> (artifact id: '06a073ee5aa9e14e82cda8786f71c841') in 0.006105 seconds 
========================================================================
Received Import Request.
  Time since last request: 1.256854 seconds.
  path: Assets/Game/Script/Game
  artifactKey: Guid(1873604085f6c584ba305d5659f0b2e7) Importer(815301076,1909f56bfc062723c751e8b465ee728b)
Start importing Assets/Game/Script/Game using Guid(1873604085f6c584ba305d5659f0b2e7) Importer(815301076,1909f56bfc062723c751e8b465ee728b)  -> (artifact id: '1f381be360717a4ee138634b2684dc43') in 0.002648 seconds 
========================================================================
Received Import Request.
  Time since last request: 2.817165 seconds.
  path: Assets/Game/Script/Utilities
  artifactKey: Guid(80184b1b389e81f4cad3b33f7adf9764) Importer(815301076,1909f56bfc062723c751e8b465ee728b)
Start importing Assets/Game/Script/Utilities using Guid(80184b1b389e81f4cad3b33f7adf9764) Importer(815301076,1909f56bfc062723c751e8b465ee728b)  -> (artifact id: '1817a27fdd299335d58a596920182f94') in 0.007181 seconds 
========================================================================
Received Import Request.
  Time since last request: 0.926258 seconds.
  path: Assets/Game/Script/Utilities/AutoDestroy.cs
  artifactKey: Guid(0d00eaf8e081bfe439879578394f1961) Importer(815301076,1909f56bfc062723c751e8b465ee728b)
Start importing Assets/Game/Script/Utilities/AutoDestroy.cs using Guid(0d00eaf8e081bfe439879578394f1961) Importer(815301076,1909f56bfc062723c751e8b465ee728b)  -> (artifact id: 'a6b04a5d182e5f05be9e6257cda8be41') in 0.007556 seconds 
========================================================================
Received Import Request.
  Time since last request: 6.544292 seconds.
  path: Assets/Game/Script/Game/UI
  artifactKey: Guid(c85521a8b558d0742990da90e2455033) Importer(815301076,1909f56bfc062723c751e8b465ee728b)
Start importing Assets/Game/Script/Game/UI using Guid(c85521a8b558d0742990da90e2455033) Importer(815301076,1909f56bfc062723c751e8b465ee728b)  -> (artifact id: 'aebd020df782e848f71cbfd65416a068') in 0.005929 seconds 
========================================================================
Received Import Request.
  Time since last request: 3.163962 seconds.
  path: Assets/Game/Script/Game/Bullet.cs
  artifactKey: Guid(03bcc347b75c68642ac51e6b38ea2b41) Importer(815301076,1909f56bfc062723c751e8b465ee728b)
Start importing Assets/Game/Script/Game/Bullet.cs using Guid(03bcc347b75c68642ac51e6b38ea2b41) Importer(815301076,1909f56bfc062723c751e8b465ee728b)  -> (artifact id: '12b912c3b3dc838d5657abac02e33656') in 0.002146 seconds 
========================================================================
Received Import Request.
  Time since last request: 0.821675 seconds.
  path: Assets/Game/Script/Game/Helicopter.cs
  artifactKey: Guid(079d83eec4451f24580ae757a9e92f61) Importer(815301076,1909f56bfc062723c751e8b465ee728b)
Start importing Assets/Game/Script/Game/Helicopter.cs using Guid(079d83eec4451f24580ae757a9e92f61) Importer(815301076,1909f56bfc062723c751e8b465ee728b)  -> (artifact id: '44f89e501bf815d36b5aa75d8a307869') in 0.006338 seconds 
========================================================================
Received Import Request.
  Time since last request: 0.443717 seconds.
  path: Assets/Game/Script/Game/HelicopterSpawner.cs
  artifactKey: Guid(204660f622fa665468be0058dd212bfd) Importer(815301076,1909f56bfc062723c751e8b465ee728b)
Start importing Assets/Game/Script/Game/HelicopterSpawner.cs using Guid(204660f622fa665468be0058dd212bfd) Importer(815301076,1909f56bfc062723c751e8b465ee728b)  -> (artifact id: 'e9dd8f5eaa18d8fa6b52cdbb91cca80c') in 0.005553 seconds 
========================================================================
Received Import Request.
  Time since last request: 0.370466 seconds.
  path: Assets/Game/Script/Game/Marine.cs
  artifactKey: Guid(51b386fccd0375046898a243819ed8b3) Importer(815301076,1909f56bfc062723c751e8b465ee728b)
Start importing Assets/Game/Script/Game/Marine.cs using Guid(51b386fccd0375046898a243819ed8b3) Importer(815301076,1909f56bfc062723c751e8b465ee728b)  -> (artifact id: 'ddfd591433d8f3fddf91fc2b9161529d') in 0.006819 seconds 
========================================================================
Received Import Request.
  Time since last request: 0.368112 seconds.
  path: Assets/Game/Script/Game/ObjectsTag.cs
  artifactKey: Guid(5c3a954e3bc38b341bdabe9084833d30) Importer(815301076,1909f56bfc062723c751e8b465ee728b)
Start importing Assets/Game/Script/Game/ObjectsTag.cs using Guid(5c3a954e3bc38b341bdabe9084833d30) Importer(815301076,1909f56bfc062723c751e8b465ee728b)  -> (artifact id: '5200707a7dcb56a1fc02b09e8e6e9dd5') in 0.007130 seconds 
